<?xml version="1.0" encoding="UTF-8"?>
<!-- Generated by org.testng.reporters.JUnitReportReporter -->
<testsuite hostname="mypc" name="Test_Package.Excel_Data" tests="1" failures="0" timestamp="14 May 2020 07:50:03 GMT" time="3.966" errors="0">
  <testcase name="login" time="3.966" classname="Test_Package.Excel_Data"/>
</testsuite> <!-- Test_Package.Excel_Data -->
